<?xml version="1.0" encoding="UTF-8"?>
<!-- Generated by org.testng.reporters.JUnitReportReporter -->
<testsuite hostname="GLP-26" failures="0" tests="1" name="test.FakerDataLibraryExample" time="0.320" errors="0" timestamp="2024-04-02T14:52:10 IST" skipped="0">
  <testcase classname="test.FakerDataLibraryExample" name="test_verification" time="0.320"/>
</testsuite> <!-- test.FakerDataLibraryExample -->
