<?xml version="1.0" encoding="UTF-8"?>
<!-- Generated by org.testng.reporters.JUnitReportReporter -->
<testsuite hostname="GLP-26" failures="0" tests="1" name="test.Regression_Screen1" time="0.288" errors="0" timestamp="2024-04-02T14:34:11 IST" skipped="0">
  <testcase classname="test.Regression_Screen1" name="test_verification" time="0.288"/>
</testsuite> <!-- test.Regression_Screen1 -->
